# JRE version: Java(TM) SE Runtime Environment (17.0.12+8) (build 17.0.12+8-LTS-286)
# Java VM: Java HotSpot(TM) 64-Bit Server VM (17.0.12+8-LTS-286, mixed mode, sharing, tiered, compressed oops, compressed class ptrs, g1 gc, windows-amd64)
GC Precious Log:
 CPUs: 16 total, 16 available
 Memory: 7751M
 Large Page Support: Disabled
 NUMA Support: Disabled
 Compressed Oops: Enabled (32-bit)
 Heap Region Size: 1M
 Heap Min Capacity: 256M
 Heap Initial Capacity: 256M
 Heap Max Capacity: 512M
 Pre-touch: Disabled
 Parallel Workers: 13
 Concurrent Workers: 3
 Concurrent Refinement Workers: 13
 Periodic GC: Disabled
Heap:
 garbage-first heap   total 262144K, used 85752K [0x00000000e0000000, 0x0000000100000000)
  region size 1024K, 48 young (49152K), 12 survivors (12288K)
 Metaspace       used 59729K, committed 60416K, reserved 393216K
  class space    used 8397K, committed 8704K, reserved 327680K
GC Heap History (16 events):
Event: 0.312 GC heap before
{Heap before GC invocations=0 (full 0):
 garbage-first heap   total 262144K, used 22528K [0x00000000e0000000, 0x0000000100000000)
  region size 1024K, 23 young (23552K), 0 survivors (0K)
 Metaspace       used 874K, committed 960K, reserved 393216K
  class space    used 66K, committed 128K, reserved 327680K
}
Event: 0.314 GC heap after
{Heap after GC invocations=1 (full 0):
 garbage-first heap   total 262144K, used 1717K [0x00000000e0000000, 0x0000000100000000)
  region size 1024K, 2 young (2048K), 2 survivors (2048K)
 Metaspace       used 874K, committed 960K, reserved 393216K
  class space    used 66K, committed 128K, reserved 327680K
}
Event: 1.003 GC heap before
{Heap before GC invocations=1 (full 0):
 garbage-first heap   total 262144K, used 39605K [0x00000000e0000000, 0x0000000100000000)
  region size 1024K, 36 young (36864K), 2 survivors (2048K)
 Metaspace       used 4453K, committed 4672K, reserved 393216K
  class space    used 551K, committed 640K, reserved 327680K
}
Event: 1.006 GC heap after
{Heap after GC invocations=2 (full 0):
 garbage-first heap   total 262144K, used 10786K [0x00000000e0000000, 0x0000000100000000)
  region size 1024K, 5 young (5120K), 5 survivors (5120K)
 Metaspace       used 4453K, committed 4672K, reserved 393216K
  class space    used 551K, committed 640K, reserved 327680K
}
Event: 2.807 GC heap before
{Heap before GC invocations=2 (full 0):
 garbage-first heap   total 262144K, used 131618K [0x00000000e0000000, 0x0000000100000000)
  region size 1024K, 121 young (123904K), 5 survivors (5120K)
 Metaspace       used 16529K, committed 16768K, reserved 393216K
  class space    used 2324K, committed 2432K, reserved 327680K
}
Event: 2.814 GC heap after
{Heap after GC invocations=3 (full 0):
 garbage-first heap   total 262144K, used 21243K [0x00000000e0000000, 0x0000000100000000)
  region size 1024K, 15 young (15360K), 15 survivors (15360K)
 Metaspace       used 16529K, committed 16768K, reserved 393216K
  class space    used 2324K, committed 2432K, reserved 327680K
}
Event: 3.307 GC heap before
{Heap before GC invocations=3 (full 0):
 garbage-first heap   total 262144K, used 64251K [0x00000000e0000000, 0x0000000100000000)
  region size 1024K, 58 young (59392K), 15 survivors (15360K)
 Metaspace       used 21135K, committed 21504K, reserved 393216K
  class space    used 3068K, committed 3264K, reserved 327680K
}
Event: 3.313 GC heap after
{Heap after GC invocations=4 (full 0):
 garbage-first heap   total 262144K, used 24379K [0x00000000e0000000, 0x0000000100000000)
  region size 1024K, 13 young (13312K), 13 survivors (13312K)
 Metaspace       used 21135K, committed 21504K, reserved 393216K
  class space    used 3068K, committed 3264K, reserved 327680K
}
Event: 5.137 GC heap before
{Heap before GC invocations=5 (full 0):
 garbage-first heap   total 262144K, used 146235K [0x00000000e0000000, 0x0000000100000000)
  region size 1024K, 129 young (132096K), 13 survivors (13312K)
 Metaspace       used 35556K, committed 35968K, reserved 393216K
  class space    used 4920K, committed 5120K, reserved 327680K
}
Event: 5.152 GC heap after
{Heap after GC invocations=6 (full 0):
 garbage-first heap   total 262144K, used 32713K [0x00000000e0000000, 0x0000000100000000)
  region size 1024K, 12 young (12288K), 12 survivors (12288K)
 Metaspace       used 35556K, committed 35968K, reserved 393216K
  class space    used 4920K, committed 5120K, reserved 327680K
}
Event: 7.097 GC heap before
{Heap before GC invocations=7 (full 0):
 garbage-first heap   total 262144K, used 178121K [0x00000000e0000000, 0x0000000100000000)
  region size 1024K, 153 young (156672K), 12 survivors (12288K)
 Metaspace       used 49384K, committed 49920K, reserved 393216K
  class space    used 6912K, committed 7168K, reserved 327680K
}
Event: 7.107 GC heap after
{Heap after GC invocations=8 (full 0):
 garbage-first heap   total 262144K, used 39137K [0x00000000e0000000, 0x0000000100000000)
  region size 1024K, 15 young (15360K), 15 survivors (15360K)
 Metaspace       used 49384K, committed 49920K, reserved 393216K
  class space    used 6912K, committed 7168K, reserved 327680K
}
Event: 8.818 GC heap before
{Heap before GC invocations=8 (full 0):
 garbage-first heap   total 262144K, used 179425K [0x00000000e0000000, 0x0000000100000000)
  region size 1024K, 153 young (156672K), 15 survivors (15360K)
 Metaspace       used 57109K, committed 57728K, reserved 393216K
  class space    used 7970K, committed 8192K, reserved 327680K
}
Event: 8.830 GC heap after
{Heap after GC invocations=9 (full 0):
 garbage-first heap   total 262144K, used 48583K [0x00000000e0000000, 0x0000000100000000)
  region size 1024K, 17 young (17408K), 17 survivors (17408K)
 Metaspace       used 57109K, committed 57728K, reserved 393216K
  class space    used 7970K, committed 8192K, reserved 327680K
}
Event: 9.485 GC heap before
{Heap before GC invocations=9 (full 0):
 garbage-first heap   total 262144K, used 93639K [0x00000000e0000000, 0x0000000100000000)
  region size 1024K, 63 young (64512K), 17 survivors (17408K)
 Metaspace       used 59456K, committed 60096K, reserved 393216K
  class space    used 8344K, committed 8640K, reserved 327680K
}
Event: 9.493 GC heap after
{Heap after GC invocations=10 (full 0):
 garbage-first heap   total 262144K, used 50936K [0x00000000e0000000, 0x0000000100000000)
  region size 1024K, 12 young (12288K), 12 survivors (12288K)
 Metaspace       used 59456K, committed 60096K, reserved 393216K
  class space    used 8344K, committed 8640K, reserved 327680K
}

