# JRE version: Java(TM) SE Runtime Environment (17.0.12+8) (build 17.0.12+8-LTS-286)
# Java VM: Java HotSpot(TM) 64-Bit Server VM (17.0.12+8-LTS-286, mixed mode, sharing, tiered, compressed oops, compressed class ptrs, g1 gc, windows-amd64)
GC Precious Log:
 CPUs: 16 total, 16 available
 Memory: 7751M
 Large Page Support: Disabled
 NUMA Support: Disabled
 Compressed Oops: Enabled (32-bit)
 Heap Region Size: 1M
 Heap Min Capacity: 256M
 Heap Initial Capacity: 256M
 Heap Max Capacity: 512M
 Pre-touch: Disabled
 Parallel Workers: 13
 Concurrent Workers: 3
 Concurrent Refinement Workers: 13
 Periodic GC: Disabled
Heap:
 garbage-first heap   total 262144K, used 139802K [0x00000000e0000000, 0x0000000100000000)
  region size 1024K, 54 young (55296K), 10 survivors (10240K)
 Metaspace       used 62561K, committed 63296K, reserved 393216K
  class space    used 8960K, committed 9280K, reserved 327680K
GC Heap History (16 events):
Event: 0.648 GC heap before
{Heap before GC invocations=0 (full 0):
 garbage-first heap   total 262144K, used 23552K [0x00000000e0000000, 0x0000000100000000)
  region size 1024K, 23 young (23552K), 0 survivors (0K)
 Metaspace       used 875K, committed 960K, reserved 393216K
  class space    used 66K, committed 128K, reserved 327680K
}
Event: 0.653 GC heap after
{Heap after GC invocations=1 (full 0):
 garbage-first heap   total 262144K, used 1786K [0x00000000e0000000, 0x0000000100000000)
  region size 1024K, 2 young (2048K), 2 survivors (2048K)
 Metaspace       used 875K, committed 960K, reserved 393216K
  class space    used 66K, committed 128K, reserved 327680K
}
Event: 1.572 GC heap before
{Heap before GC invocations=1 (full 0):
 garbage-first heap   total 262144K, used 37626K [0x00000000e0000000, 0x0000000100000000)
  region size 1024K, 35 young (35840K), 2 survivors (2048K)
 Metaspace       used 4452K, committed 4672K, reserved 393216K
  class space    used 552K, committed 640K, reserved 327680K
}
Event: 1.577 GC heap after
{Heap after GC invocations=2 (full 0):
 garbage-first heap   total 262144K, used 11255K [0x00000000e0000000, 0x0000000100000000)
  region size 1024K, 5 young (5120K), 5 survivors (5120K)
 Metaspace       used 4452K, committed 4672K, reserved 393216K
  class space    used 552K, committed 640K, reserved 327680K
}
Event: 4.099 GC heap before
{Heap before GC invocations=2 (full 0):
 garbage-first heap   total 262144K, used 127991K [0x00000000e0000000, 0x0000000100000000)
  region size 1024K, 117 young (119808K), 5 survivors (5120K)
 Metaspace       used 16165K, committed 16576K, reserved 393216K
  class space    used 2243K, committed 2432K, reserved 327680K
}
Event: 4.110 GC heap after
{Heap after GC invocations=3 (full 0):
 garbage-first heap   total 262144K, used 21158K [0x00000000e0000000, 0x0000000100000000)
  region size 1024K, 14 young (14336K), 14 survivors (14336K)
 Metaspace       used 16165K, committed 16576K, reserved 393216K
  class space    used 2243K, committed 2432K, reserved 327680K
}
Event: 4.872 GC heap before
{Heap before GC invocations=3 (full 0):
 garbage-first heap   total 262144K, used 66214K [0x00000000e0000000, 0x0000000100000000)
  region size 1024K, 59 young (60416K), 14 survivors (14336K)
 Metaspace       used 21164K, committed 21504K, reserved 393216K
  class space    used 3074K, committed 3264K, reserved 327680K
}
Event: 4.881 GC heap after
{Heap after GC invocations=4 (full 0):
 garbage-first heap   total 262144K, used 23959K [0x00000000e0000000, 0x0000000100000000)
  region size 1024K, 12 young (12288K), 12 survivors (12288K)
 Metaspace       used 21164K, committed 21504K, reserved 393216K
  class space    used 3074K, committed 3264K, reserved 327680K
}
Event: 6.926 GC heap before
{Heap before GC invocations=5 (full 0):
 garbage-first heap   total 262144K, used 179607K [0x00000000e0000000, 0x0000000100000000)
  region size 1024K, 137 young (140288K), 12 survivors (12288K)
 Metaspace       used 35556K, committed 35968K, reserved 393216K
  class space    used 4900K, committed 5120K, reserved 327680K
}
Event: 6.941 GC heap after
{Heap after GC invocations=6 (full 0):
 garbage-first heap   total 262144K, used 61024K [0x00000000e0000000, 0x0000000100000000)
  region size 1024K, 16 young (16384K), 16 survivors (16384K)
 Metaspace       used 35556K, committed 35968K, reserved 393216K
  class space    used 4900K, committed 5120K, reserved 327680K
}
Event: 9.328 GC heap before
{Heap before GC invocations=7 (full 0):
 garbage-first heap   total 262144K, used 212576K [0x00000000e0000000, 0x0000000100000000)
  region size 1024K, 148 young (151552K), 16 survivors (16384K)
 Metaspace       used 48164K, committed 48768K, reserved 393216K
  class space    used 6705K, committed 6976K, reserved 327680K
}
Event: 9.341 GC heap after
{Heap after GC invocations=8 (full 0):
 garbage-first heap   total 262144K, used 83408K [0x00000000e0000000, 0x0000000100000000)
  region size 1024K, 9 young (9216K), 9 survivors (9216K)
 Metaspace       used 48164K, committed 48768K, reserved 393216K
  class space    used 6705K, committed 6976K, reserved 327680K
}
Event: 10.938 GC heap before
{Heap before GC invocations=8 (full 0):
 garbage-first heap   total 262144K, used 203216K [0x00000000e0000000, 0x0000000100000000)
  region size 1024K, 125 young (128000K), 9 survivors (9216K)
 Metaspace       used 56087K, committed 56768K, reserved 393216K
  class space    used 7942K, committed 8256K, reserved 327680K
}
Event: 10.949 GC heap after
{Heap after GC invocations=9 (full 0):
 garbage-first heap   total 262144K, used 93879K [0x00000000e0000000, 0x0000000100000000)
  region size 1024K, 16 young (16384K), 16 survivors (16384K)
 Metaspace       used 56087K, committed 56768K, reserved 393216K
  class space    used 7942K, committed 8256K, reserved 327680K
}
Event: 11.499 GC heap before
{Heap before GC invocations=9 (full 0):
 garbage-first heap   total 262144K, used 130743K [0x00000000e0000000, 0x0000000100000000)
  region size 1024K, 53 young (54272K), 16 survivors (16384K)
 Metaspace       used 59484K, committed 60160K, reserved 393216K
  class space    used 8491K, committed 8832K, reserved 327680K
}
Event: 11.512 GC heap after
{Heap after GC invocations=10 (full 0):
 garbage-first heap   total 262144K, used 95770K [0x00000000e0000000, 0x0000000100000000)
  region size 1024K, 10 young (10240K), 10 survivors (10240K)
 Metaspace       used 59484K, committed 60160K, reserved 393216K
  class space    used 8491K, committed 8832K, reserved 327680K
}

